<?xml version="1.0" encoding="UTF-8"?>
<!-- Generated by org.testng.reporters.JUnitReportReporter -->
<testsuite skipped="0" hostname="Avinashs-MacBook-Pro.local" name="com.testingshastra.pagetests.E2ETests" tests="1" failures="0" timestamp="16 May 2021 06:53:34 GMT" time="58.375" errors="0">
  <testcase name="tc_01" time="58.375" classname="com.testingshastra.pagetests.E2ETests"/>
</testsuite> <!-- com.testingshastra.pagetests.E2ETests -->
