<?xml version="1.0" encoding="UTF-8"?>
<!-- Generated by org.testng.reporters.JUnitReportReporter -->
<testsuite skipped="0" hostname="Avinashs-MacBook-Pro.local" name="com.testingshastra.cucumber.runner.Avinash" tests="3" failures="0" timestamp="23 May 2021 07:35:24 GMT" time="10.812" errors="0">
  <testcase name="runScenario" time="0.019" classname="com.testingshastra.cucumber.runner.Avinash"/>
  <testcase name="runScenario" time="3.869" classname="com.testingshastra.cucumber.runner.Avinash"/>
  <testcase name="runScenario" time="6.924" classname="com.testingshastra.cucumber.runner.Avinash"/>
</testsuite> <!-- com.testingshastra.cucumber.runner.Avinash -->
