<?xml version="1.0" encoding="UTF-8"?>
<!-- Generated by org.testng.reporters.JUnitReportReporter -->
<testsuite skipped="0" hostname="Avinashs-MacBook-Pro.local" name="com.testingshastra.cucumber.runner.Runner" tests="3" failures="0" timestamp="23 May 2021 07:32:03 GMT" time="8.105" errors="0">
  <testcase name="runScenario" time="0.021" classname="com.testingshastra.cucumber.runner.Runner"/>
  <testcase name="runScenario" time="2.767" classname="com.testingshastra.cucumber.runner.Runner"/>
  <testcase name="runScenario" time="5.317" classname="com.testingshastra.cucumber.runner.Runner"/>
</testsuite> <!-- com.testingshastra.cucumber.runner.Runner -->
